0 info it worked if it ends with ok
1 verbose cli [ '/usr/bin/nodejs',
1 verbose cli   '/usr/bin/npm',
1 verbose cli   'install',
1 verbose cli   '-g',
1 verbose cli   'minimatch',
1 verbose cli   '3.0.2' ]
2 info using npm@3.5.2
3 info using node@v4.2.6
4 silly loadCurrentTree Starting
5 silly install loadCurrentTree
6 silly install readGlobalPackageData
7 silly fetchPackageMetaData minimatch
8 silly fetchPackageMetaData 3.0.2
9 silly fetchNamedPackageData minimatch
10 silly mapToRegistry name minimatch
11 silly mapToRegistry using default registry
12 silly mapToRegistry registry https://registry.npmjs.org/
13 silly mapToRegistry uri https://registry.npmjs.org/minimatch
14 silly fetchNamedPackageData 3.0.2
15 silly mapToRegistry name 3.0.2
16 silly mapToRegistry using default registry
17 silly mapToRegistry registry https://registry.npmjs.org/
18 silly mapToRegistry uri https://registry.npmjs.org/3.0.2
19 verbose request uri https://registry.npmjs.org/3.0.2
20 verbose request no auth needed
21 info attempt registry request try #1 at 12:28:59 PM
22 verbose request id 8f1115add930f688
23 http request GET https://registry.npmjs.org/3.0.2
24 verbose request uri https://registry.npmjs.org/minimatch
25 verbose request no auth needed
26 info attempt registry request try #1 at 12:29:00 PM
27 verbose etag W/"5843a57e-cbb8"
28 verbose lastModified Sun, 04 Dec 2016 05:11:26 GMT
29 http request GET https://registry.npmjs.org/minimatch
30 http 304 https://registry.npmjs.org/minimatch
31 verbose headers { date: 'Fri, 16 Dec 2016 12:29:00 GMT',
31 verbose headers   via: '1.1 varnish',
31 verbose headers   'cache-control': 'max-age=300',
31 verbose headers   etag: 'W/"5843a57e-cbb8"',
31 verbose headers   age: '43',
31 verbose headers   connection: 'keep-alive',
31 verbose headers   'x-served-by': 'cache-lhr6331-LHR',
31 verbose headers   'x-cache': 'HIT',
31 verbose headers   'x-cache-hits': '3',
31 verbose headers   'x-timer': 'S1481891340.694293,VS0,VE0',
31 verbose headers   vary: 'Accept-Encoding' }
32 silly get cb [ 304,
32 silly get   { date: 'Fri, 16 Dec 2016 12:29:00 GMT',
32 silly get     via: '1.1 varnish',
32 silly get     'cache-control': 'max-age=300',
32 silly get     etag: 'W/"5843a57e-cbb8"',
32 silly get     age: '43',
32 silly get     connection: 'keep-alive',
32 silly get     'x-served-by': 'cache-lhr6331-LHR',
32 silly get     'x-cache': 'HIT',
32 silly get     'x-cache-hits': '3',
32 silly get     'x-timer': 'S1481891340.694293,VS0,VE0',
32 silly get     vary: 'Accept-Encoding' } ]
33 verbose etag https://registry.npmjs.org/minimatch from cache
34 verbose get saving minimatch to /home/kiidbrian/.npm/registry.npmjs.org/minimatch/.cache.json
35 http 404 https://registry.npmjs.org/3.0.2
36 verbose headers { 'content-type': 'application/json',
36 verbose headers   'cache-control': 'max-age=0',
36 verbose headers   'content-length': '2',
36 verbose headers   'accept-ranges': 'bytes',
36 verbose headers   date: 'Fri, 16 Dec 2016 12:29:03 GMT',
36 verbose headers   via: '1.1 varnish',
36 verbose headers   age: '0',
36 verbose headers   connection: 'keep-alive',
36 verbose headers   'x-served-by': 'cache-lcy1126-LCY',
36 verbose headers   'x-cache': 'MISS',
36 verbose headers   'x-cache-hits': '0',
36 verbose headers   'x-timer': 'S1481891342.965506,VS0,VE597',
36 verbose headers   vary: 'Accept-Encoding' }
37 silly get cb [ 404,
37 silly get   { 'content-type': 'application/json',
37 silly get     'cache-control': 'max-age=0',
37 silly get     'content-length': '2',
37 silly get     'accept-ranges': 'bytes',
37 silly get     date: 'Fri, 16 Dec 2016 12:29:03 GMT',
37 silly get     via: '1.1 varnish',
37 silly get     age: '0',
37 silly get     connection: 'keep-alive',
37 silly get     'x-served-by': 'cache-lcy1126-LCY',
37 silly get     'x-cache': 'MISS',
37 silly get     'x-cache-hits': '0',
37 silly get     'x-timer': 'S1481891342.965506,VS0,VE597',
37 silly get     vary: 'Accept-Encoding' } ]
38 silly fetchPackageMetaData Error: Registry returned 404 for GET on https://registry.npmjs.org/3.0.2
38 silly fetchPackageMetaData     at makeError (/usr/share/npm/node_modules/npm-registry-client/lib/request.js:264:12)
38 silly fetchPackageMetaData     at CachingRegistryClient.<anonymous> (/usr/share/npm/node_modules/npm-registry-client/lib/request.js:242:14)
38 silly fetchPackageMetaData     at Request._callback (/usr/share/npm/node_modules/npm-registry-client/lib/request.js:172:14)
38 silly fetchPackageMetaData     at Request.self.callback (/usr/share/npm/node_modules/request/request.js:198:22)
38 silly fetchPackageMetaData     at emitTwo (events.js:87:13)
38 silly fetchPackageMetaData     at Request.emit (events.js:172:7)
38 silly fetchPackageMetaData     at Request.<anonymous> (/usr/share/npm/node_modules/request/request.js:1082:10)
38 silly fetchPackageMetaData     at emitOne (events.js:82:20)
38 silly fetchPackageMetaData     at Request.emit (events.js:169:7)
38 silly fetchPackageMetaData     at IncomingMessage.<anonymous> (/usr/share/npm/node_modules/request/request.js:1009:12)
38 silly fetchPackageMetaData  error for 3.0.2 { [Error: Registry returned 404 for GET on https://registry.npmjs.org/3.0.2] pkgid: '3.0.2', statusCode: 404, code: 'E404' }
39 silly rollbackFailedOptional Starting
40 silly rollbackFailedOptional Finishing
41 silly runTopLevelLifecycles Starting
42 silly runTopLevelLifecycles Finishing
43 silly install printInstalled
44 verbose stack Error: Registry returned 404 for GET on https://registry.npmjs.org/3.0.2
44 verbose stack     at makeError (/usr/share/npm/node_modules/npm-registry-client/lib/request.js:264:12)
44 verbose stack     at CachingRegistryClient.<anonymous> (/usr/share/npm/node_modules/npm-registry-client/lib/request.js:242:14)
44 verbose stack     at Request._callback (/usr/share/npm/node_modules/npm-registry-client/lib/request.js:172:14)
44 verbose stack     at Request.self.callback (/usr/share/npm/node_modules/request/request.js:198:22)
44 verbose stack     at emitTwo (events.js:87:13)
44 verbose stack     at Request.emit (events.js:172:7)
44 verbose stack     at Request.<anonymous> (/usr/share/npm/node_modules/request/request.js:1082:10)
44 verbose stack     at emitOne (events.js:82:20)
44 verbose stack     at Request.emit (events.js:169:7)
44 verbose stack     at IncomingMessage.<anonymous> (/usr/share/npm/node_modules/request/request.js:1009:12)
45 verbose statusCode 404
46 verbose pkgid 3.0.2
47 verbose cwd /home/kiidbrian/react_apps
48 error Linux 4.4.0-53-generic
49 error argv "/usr/bin/nodejs" "/usr/bin/npm" "install" "-g" "minimatch" "3.0.2"
50 error node v4.2.6
51 error npm  v3.5.2
52 error code E404
53 error 404 Registry returned 404 for GET on https://registry.npmjs.org/3.0.2
54 error 404
55 error 404 '3.0.2' is not in the npm registry.
56 error 404 You should bug the author to publish it (or use the name yourself!)
57 error 404 Note that you can also install from a
58 error 404 tarball, folder, http url, or git url.
59 verbose exit [ 1, true ]
